* using log directory ‘/Users/evanbiederstedt/gUtils/gUtils.Rcheck’
* using R version 3.3.2 (2016-10-31)
* using platform: x86_64-apple-darwin13.4.0 (64-bit)
* using session charset: UTF-8
* checking for file ‘gUtils/DESCRIPTION’ ... OK
* this is package ‘gUtils’ version ‘0.2.0’
* checking package namespace information ... OK
* checking package dependencies ... OK
* checking if this is a source package ... OK
* checking if there is a namespace ... OK
* checking for executable files ... OK
* checking for hidden files and directories ... OK
* checking for portable file names ... OK
* checking for sufficient/correct file permissions ... OK
* checking whether package ‘gUtils’ can be installed ... WARNING
Found the following significant warnings:
  Warning: package ‘GenomicRanges’ was built under R version 3.3.3
  Warning: package ‘S4Vectors’ was built under R version 3.3.3
  Warning: package ‘IRanges’ was built under R version 3.3.3
See ‘/Users/evanbiederstedt/gUtils/gUtils.Rcheck/00install.out’ for details.
* checking installed package size ... OK
* checking package directory ... OK
* checking DESCRIPTION meta-information ... OK
* checking top-level files ... NOTE
File
  LICENSE
is not mentioned in the DESCRIPTION file.
* checking for left-over files ... OK
* checking index information ... OK
* checking package subdirectories ... OK
* checking R files for non-ASCII characters ... WARNING
Found the following file with non-ASCII characters:
  gUtils.R
Portable packages must use only ASCII characters in their R code,
except perhaps in comments.
Use \uxxxx escapes for other characters.
* checking R files for syntax errors ... OK
* checking whether the package can be loaded ... OK
* checking whether the package can be loaded with stated dependencies ... OK
* checking whether the package can be unloaded cleanly ... OK
* checking whether the namespace can be loaded with stated dependencies ... OK
* checking whether the namespace can be unloaded cleanly ... OK
* checking dependencies in R code ... OK
* checking S3 generic/method consistency ... OK
* checking replacement functions ... OK
* checking foreign function calls ... OK
* checking R code for possible problems ... NOTE
gr.breaks: no visible global function definition for ‘setNames’
gr.breaks: no visible global function definition for ‘as.data.table’
gr.breaks: no visible binding for global variable ‘inner’
gr.breaks: no visible global function definition for ‘.’
gr.breaks: no visible binding for global variable ‘startFrom’
gr.breaks: no visible binding for global variable ‘breakAt’
gr.breaks: no visible binding for global variable ‘upTo’
gr.breaks: no visible binding for global variable ‘qid2’
gr.collapse: no visible global function definition for ‘as’
gr.findoverlaps : <anonymous>: no visible global function definition
  for ‘as.data.table’
gr.findoverlaps: no visible global function definition for ‘is’
gr.fix: no visible global function definition for ‘is’
gr.flip: no visible global function definition for ‘is’
gr.flipstrand: no visible global function definition for ‘is’
gr.match: no visible binding for global variable ‘subject.id’
gr.match: no visible binding for global variable ‘query.id’
gr.rand: no visible global function definition for ‘is’
gr.sample: no visible global function definition for ‘as.data.table’
gr.sample: no visible binding for global variable ‘transition’
gr.sample: no visible binding for global variable ‘ix’
gr.sample: no visible binding for global variable ‘nacluster’
gr.sample: no visible binding for global variable ‘clusterlength’
gr.sample: no visible binding for global variable ‘ix.new’
gr.sub: no visible global function definition for ‘is’
gr.sub: no visible global function definition for ‘.’
gr.sub: no visible binding for global variable ‘slen’
gr.sub: no visible binding for global variable ‘slev’
gr.sum: no visible global function definition for ‘as’
gr.tile: no visible global function definition for ‘is’
gr.val: no visible binding for global variable ‘subject’
gr2dt: no visible global function definition for ‘is’
gr2dt: no visible global function definition for ‘as.data.table’
grl.eval: no visible global function definition for ‘.’
grl.eval: no visible binding for global variable ‘val’
grl.in: no visible binding for global variable ‘query.id’
grl.in: no visible binding for global variable ‘subject.id’
grl.reduce: no visible global function definition for ‘setkey’
grl.reduce: no visible binding for global variable ‘lev’
grl.reduce: no visible binding for global variable ‘len’
grl.reduce: no visible binding for global variable ‘cs’
grl.reduce: no visible binding for global variable ‘type’
grl.reduce: no visible binding for global variable ‘group’
grl.reduce: no visible binding for global variable ‘run’
grl.reduce: no visible global function definition for ‘label.runs’
grl.reduce: no visible global function definition for ‘.’
grl.reduce: no visible binding for global variable ‘chr’
grl.unlist: no visible global function definition for ‘is’
ra.dedup: no visible global function definition for ‘is’
ra.dedup: no visible global function definition for ‘elementNROWS’
ra.dedup: no visible global function definition for ‘as.data.table’
ra.dedup: no visible binding for global variable ‘ra1.ix’
ra.dedup: no visible binding for global variable ‘ra2.ix’
ra.dedup: no visible global function definition for ‘rowMax’
ra.duplicated: no visible global function definition for ‘is’
ra.duplicated: no visible global function definition for ‘elementNROWS’
ra.duplicated: no visible global function definition for
  ‘as.data.table’
ra.duplicated: no visible binding for global variable ‘ra1.ix’
ra.duplicated: no visible binding for global variable ‘ra2.ix’
ra.duplicated: no visible global function definition for ‘rowMax’
rle.query: no visible global function definition for ‘is’
seg2gr: no visible global function definition for ‘is’
si2gr: no visible global function definition for ‘is’
standardize_segs: no visible global function definition for ‘is’
%Q%,GRanges: no visible global function definition for ‘as’
Undefined global functions or variables:
  . as as.data.table breakAt chr clusterlength cs elementNROWS group
  inner is ix ix.new label.runs len lev nacluster qid2 query.id ra1.ix
  ra2.ix rowMax run setNames setkey slen slev startFrom subject
  subject.id transition type upTo val
Consider adding
  importFrom("methods", "as", "is")
  importFrom("stats", "setNames")
to your NAMESPACE file (and ensure that your DESCRIPTION Imports field
contains 'methods').
* checking Rd files ... WARNING
prepare_Rd: gr.breaks.Rd:22-25: Dropping empty section \examples
checkRd: (5) gr.disjoin.Rd:0-18: Must have a \description
prepare_Rd: ra.dedup.Rd:25-27: Dropping empty section \examples
prepare_Rd: ra.duplicated.Rd:25-27: Dropping empty section \examples
* checking Rd metadata ... OK
* checking Rd cross-references ... OK
* checking for missing documentation entries ... WARNING
Undocumented S4 methods:
  generic '%-%' and siglist 'GRanges'
All user-level objects in a package (including S4 classes and methods)
should have documentation entries.
See chapter ‘Writing R documentation files’ in the ‘Writing R
Extensions’ manual.
* checking for code/documentation mismatches ... OK
* checking Rd \usage sections ... WARNING
Undocumented arguments in documentation object 'dt2gr'
  ‘key’ ‘seqlengths’ ‘seqinfo’
Duplicated \argument entries in documentation object 'dt2gr':
  ‘dt’

Undocumented arguments in documentation object 'gr.duplicated'
  ‘by’ ‘type’

Duplicated \argument entries in documentation object '%&%':
  ‘x’ ‘...’ ‘x’ ‘...’

Undocumented arguments in documentation object '%&&%'
  ‘x’ ‘...’

Undocumented arguments in documentation object 'gr.merge'
  ‘verbose’ ‘ignore.strand’ ‘...’

Undocumented arguments in documentation object '%+%'
  ‘gr’ ‘...’

Undocumented arguments in documentation object '%-%'
  ‘gr’ ‘...’

Undocumented arguments in documentation object '%_%'
  ‘ignore.strand’ ‘by’
Duplicated \argument entries in documentation object '%_%':
  ‘...’
Documented arguments not in \usage in documentation object '%_%':
  ‘max.slice’ ‘verbose’ ‘mc.cores’

Undocumented arguments in documentation object 'gr.string'
  ‘pretty’

Duplicated \argument entries in documentation object '%N%':
  ‘x’

Objects in \usage without \alias in documentation object '%*%':
  ‘\S4method{%*%}{GRanges,ANY}’

Undocumented arguments in documentation object 'grl.in'
  ‘exact’ ‘ignore.strand’

Undocumented arguments in documentation object 'grl.reduce'
  ‘clip’

Undocumented arguments in documentation object 'seg2gr'
  ‘seg’ ‘chr’
Duplicated \argument entries in documentation object 'seg2gr':
  ‘segs’ ‘seqlengths’ ‘seqinfo’

Functions with \usage entries need to have the appropriate \alias
entries, and all their arguments documented.
The \usage entries must correspond to syntactically valid R code.
See chapter ‘Writing R documentation files’ in the ‘Writing R
Extensions’ manual.
* checking Rd contents ... OK
* checking for unstated dependencies in examples ... OK
* checking contents of ‘data’ directory ... OK
* checking data for non-ASCII characters ... OK
* checking data for ASCII and uncompressed saves ... OK
* checking examples ... ERROR
Running examples in ‘gUtils-Ex.R’ failed
The error most likely occurred in:

> ### Name: grl.reduce
> ### Title: grl.reduce
> ### Aliases: grl.reduce
> 
> ### ** Examples
> 
> 
> grl.reduce(grl, 1000)
Error in seqlevels(grl) : object 'grl' not found
Calls: grl.reduce -> data.table -> seqlevels
Execution halted
* checking for unstated dependencies in ‘tests’ ... OK
* checking tests ... OK
  Running ‘testthat.R’
* checking PDF version of manual ... OK
* DONE
Status: 1 ERROR, 5 WARNINGs, 2 NOTEs
